<?xml version="1.0" encoding="UTF-8"?>
<!-- Generated by org.testng.reporters.JUnitReportReporter -->
<testsuite skipped="0" hostname="DESKTOP-RPGJ1OD" name="com.runner.TestNgRunner" tests="1" failures="0" timestamp="01 Aug 2018 22:50:16 GMT" time="36.063" errors="0">
  <testcase name="feature" time="36.063" classname="com.runner.TestNgRunner"/>
</testsuite> <!-- com.runner.TestNgRunner -->
